-------------------------------------------------------------------------------
Test set: AttractionTests
-------------------------------------------------------------------------------
<<<<<<< HEAD
Tests run: 5, Failures: 0, Errors: 0, Skipped: 0, Time elapsed: 0.727 s - in AttractionTests
=======
<<<<<<< HEAD
Tests run: 5, Failures: 0, Errors: 0, Skipped: 0, Time elapsed: 0.697 s - in AttractionTests
=======
Tests run: 5, Failures: 0, Errors: 0, Skipped: 0, Time elapsed: 1.239 s - in AttractionTests
>>>>>>> 768019861f3ccd8e26c9fb0126f5e0de042e56a2
>>>>>>> a2110d0d94c3224a8a7497a7a2cb235abf7808bc
